================================================================
  Vivado(TM) HLS - High-Level Synthesis from C, C++ and SystemC
  Version: 2013.2
  Build date: Thu Jun 13 16:07:59 PM 2013
  Copyright (C) 2013 Xilinx Inc. All rights reserved.
================================================================
@I [LIC-101] Checked out feature [HLS]
@I [HLS-10] Running '/opt/xilinx/Vivado_HLS/2013.2/Linux_x86_64/bin/vivado_hls_bin'
            for user 'vff6' on host 'amdpool-04' (Linux_x86_64 version 2.6.18-371.8.1.el5) on Tue Sep 16 23:02:08 EDT 2014
            in directory '/home/student/vff6/ece5775/assignments/solution_fixed'
@I [HLS-10] Opening project '/home/student/vff6/ece5775/assignments/solution_fixed/hls.prj'.
@I [HLS-10] Adding design file 'cordic.cpp' to the project.
@I [HLS-10] Adding test bench file 'cordic_test.cpp' to the project.
@I [HLS-10] Opening solution '/home/student/vff6/ece5775/assignments/solution_fixed/hls.prj/solution1'.
@I [SYN-201] Setting up clock 'default' with a period of 10ns.
@I [HLS-10] Setting target device to 'xc7z020clg484-1'
@I [HLS-10] Importing test bench file 'cordic_test.cpp' ... 
@I [HLS-10] Analyzing design file 'cordic.cpp' ... 
In file included from cordic.cpp:12:
cordic.h:3:1: warning: "BIT_ACCURATE" redefined
<command-line>: warning: this is the location of the previous definition
@I [HLS-10] Validating synthesis directives ...
@I [HLS-10] Checking synthesizability ...
@I [HLS-10] Starting code transformations ...
@I [XFORM-401] Performing if-conversion on hyperblock from (cordic.cpp:25) to (cordic.cpp:24) in function 'cordic'... converting 4 basic blocks.
@I [HLS-111] Elapsed time: 4.14 seconds; current memory usage: 41.2 MB.
@I [HLS-10] Starting hardware synthesis ...
@I [HLS-10] Synthesizing 'cordic' ...
@I [HLS-10] ----------------------------------------------------------------
@I [HLS-10] -- Scheduling module 'cordic' 
@I [HLS-10] ----------------------------------------------------------------
@I [SCHED-11] Starting scheduling ...
@I [SCHED-11] Finished scheduling.
@I [HLS-111] Elapsed time: 0.07 seconds; current memory usage: 41.5 MB.
@I [HLS-10] ----------------------------------------------------------------
@I [HLS-10] -- Exploring micro-architecture for module 'cordic' 
@I [HLS-10] ----------------------------------------------------------------
@I [BIND-100] Starting micro-architecture binding ...
@I [BIND-101] Performing variable lifetime analysis.
@I [BIND-101] Exploring resource sharing.
@I [BIND-101] Binding resource limited operations ...
@I [BIND-100] Finished micro-architecture binding.
@I [HLS-111] Elapsed time: 0.01 seconds; current memory usage: 41.8 MB.
@I [HLS-10] ----------------------------------------------------------------
@I [HLS-10] -- Generating RTL for module 'cordic' 
@I [HLS-10] ----------------------------------------------------------------
@I [RTGEN-500] Setting interface mode on port 'cordic/theta_V' to 'ap_none'.
@I [RTGEN-500] Setting interface mode on port 'cordic/s_V' to 'ap_vld'.
@I [RTGEN-500] Setting interface mode on port 'cordic/c_V' to 'ap_vld'.
@I [RTGEN-500] Setting interface mode on function 'cordic' to 'ap_ctrl_hs'.
@I [RTGEN-100] Finished creating RTL model for 'cordic'.
@I [HLS-111] Elapsed time: 0.03 seconds; current memory usage: 42 MB.
@I [RTMG-279] Implementing memory 'cordic_cordic_ctab_V_rom' using auto ROMs.
@I [HLS-10] Finished generating all RTL models.
@I [WSYSC-301] Generating RTL SystemC for 'cordic'.
@I [WVHDL-304] Generating RTL VHDL for 'cordic'.
@I [WVLOG-307] Generating RTL Verilog for 'cordic'.
@I [HLS-112] Total elapsed time: 27.853 seconds; peak memory usage: 42 MB.
@I [LIC-101] Checked in feature [HLS]
